Build started 30-10-2023 04:12:12.
     1>Project "D:\Final\234101006_digit_recognition\234101006_digit_recognition\234101006_digit_recognition.vcxproj" on node 2 (build target(s)).
     1>InitializeBuildStatus:
         Creating "Debug\234101006_digit_recognition.unsuccessfulbuild" because "AlwaysCreate" was specified.
       ClCompile:
         All outputs are up-to-date.
         C:\Program Files (x86)\Microsoft Visual Studio 10.0\VC\bin\CL.exe /c /ZI /nologo /W3 /WX- /Od /Oy- /D WIN32 /D _DEBUG /D _CONSOLE /D _UNICODE /D UNICODE /Gm /EHsc /RTC1 /MDd /GS /fp:precise /Zc:wchar_t /Zc:forScope /Yu"StdAfx.h" /Fp"Debug\234101006_digit_recognition.pch" /Fo"Debug\\" /Fd"Debug\vc100.pdb" /Gd /TP /analyze- /errorReport:prompt 234101006_digit_recognition.cpp
         234101006_digit_recognition.cpp
     1>d:\final\234101006_digit_recognition\234101006_digit_recognition\speech_features.h(12): warning C4996: 'fopen': This function or variable may be unsafe. Consider using fopen_s instead. To disable deprecation, use _CRT_SECURE_NO_WARNINGS. See online help for details.
                 c:\program files (x86)\microsoft visual studio 10.0\vc\include\stdio.h(234) : see declaration of 'fopen'
     1>d:\final\234101006_digit_recognition\234101006_digit_recognition\speech_features.h(14): warning C4996: 'fopen': This function or variable may be unsafe. Consider using fopen_s instead. To disable deprecation, use _CRT_SECURE_NO_WARNINGS. See online help for details.
                 c:\program files (x86)\microsoft visual studio 10.0\vc\include\stdio.h(234) : see declaration of 'fopen'
     1>d:\final\234101006_digit_recognition\234101006_digit_recognition\speech_features.h(53): warning C4996: 'fopen': This function or variable may be unsafe. Consider using fopen_s instead. To disable deprecation, use _CRT_SECURE_NO_WARNINGS. See online help for details.
                 c:\program files (x86)\microsoft visual studio 10.0\vc\include\stdio.h(234) : see declaration of 'fopen'
     1>d:\final\234101006_digit_recognition\234101006_digit_recognition\speech_features.h(222): warning C4996: 'fopen': This function or variable may be unsafe. Consider using fopen_s instead. To disable deprecation, use _CRT_SECURE_NO_WARNINGS. See online help for details.
                 c:\program files (x86)\microsoft visual studio 10.0\vc\include\stdio.h(234) : see declaration of 'fopen'
     1>d:\final\234101006_digit_recognition\234101006_digit_recognition\234101006_digit_recognition.cpp(216): warning C4101: 'diff' : unreferenced local variable
     1>d:\final\234101006_digit_recognition\234101006_digit_recognition\234101006_digit_recognition.cpp(621): warning C4996: 'sprintf': This function or variable may be unsafe. Consider using sprintf_s instead. To disable deprecation, use _CRT_SECURE_NO_WARNINGS. See online help for details.
                 c:\program files (x86)\microsoft visual studio 10.0\vc\include\stdio.h(371) : see declaration of 'sprintf'
     1>d:\final\234101006_digit_recognition\234101006_digit_recognition\234101006_digit_recognition.cpp(624): warning C4996: 'sprintf': This function or variable may be unsafe. Consider using sprintf_s instead. To disable deprecation, use _CRT_SECURE_NO_WARNINGS. See online help for details.
                 c:\program files (x86)\microsoft visual studio 10.0\vc\include\stdio.h(371) : see declaration of 'sprintf'
     1>d:\final\234101006_digit_recognition\234101006_digit_recognition\234101006_digit_recognition.cpp(627): warning C4996: 'sprintf': This function or variable may be unsafe. Consider using sprintf_s instead. To disable deprecation, use _CRT_SECURE_NO_WARNINGS. See online help for details.
                 c:\program files (x86)\microsoft visual studio 10.0\vc\include\stdio.h(371) : see declaration of 'sprintf'
     1>d:\final\234101006_digit_recognition\234101006_digit_recognition\234101006_digit_recognition.cpp(643): warning C4996: 'sprintf': This function or variable may be unsafe. Consider using sprintf_s instead. To disable deprecation, use _CRT_SECURE_NO_WARNINGS. See online help for details.
                 c:\program files (x86)\microsoft visual studio 10.0\vc\include\stdio.h(371) : see declaration of 'sprintf'
     1>d:\final\234101006_digit_recognition\234101006_digit_recognition\234101006_digit_recognition.cpp(644): warning C4996: 'sprintf': This function or variable may be unsafe. Consider using sprintf_s instead. To disable deprecation, use _CRT_SECURE_NO_WARNINGS. See online help for details.
                 c:\program files (x86)\microsoft visual studio 10.0\vc\include\stdio.h(371) : see declaration of 'sprintf'
     1>d:\final\234101006_digit_recognition\234101006_digit_recognition\234101006_digit_recognition.cpp(645): warning C4996: 'sprintf': This function or variable may be unsafe. Consider using sprintf_s instead. To disable deprecation, use _CRT_SECURE_NO_WARNINGS. See online help for details.
                 c:\program files (x86)\microsoft visual studio 10.0\vc\include\stdio.h(371) : see declaration of 'sprintf'
     1>d:\final\234101006_digit_recognition\234101006_digit_recognition\234101006_digit_recognition.cpp(633): warning C4101: 'obs_file' : unreferenced local variable
     1>d:\final\234101006_digit_recognition\234101006_digit_recognition\234101006_digit_recognition.cpp(673): warning C4996: 'fopen': This function or variable may be unsafe. Consider using fopen_s instead. To disable deprecation, use _CRT_SECURE_NO_WARNINGS. See online help for details.
                 c:\program files (x86)\microsoft visual studio 10.0\vc\include\stdio.h(234) : see declaration of 'fopen'
     1>d:\final\234101006_digit_recognition\234101006_digit_recognition\234101006_digit_recognition.cpp(674): warning C4996: 'fopen': This function or variable may be unsafe. Consider using fopen_s instead. To disable deprecation, use _CRT_SECURE_NO_WARNINGS. See online help for details.
                 c:\program files (x86)\microsoft visual studio 10.0\vc\include\stdio.h(234) : see declaration of 'fopen'
     1>d:\final\234101006_digit_recognition\234101006_digit_recognition\234101006_digit_recognition.cpp(675): warning C4996: 'fopen': This function or variable may be unsafe. Consider using fopen_s instead. To disable deprecation, use _CRT_SECURE_NO_WARNINGS. See online help for details.
                 c:\program files (x86)\microsoft visual studio 10.0\vc\include\stdio.h(234) : see declaration of 'fopen'
     1>d:\final\234101006_digit_recognition\234101006_digit_recognition\234101006_digit_recognition.cpp(712): warning C4996: 'sprintf': This function or variable may be unsafe. Consider using sprintf_s instead. To disable deprecation, use _CRT_SECURE_NO_WARNINGS. See online help for details.
                 c:\program files (x86)\microsoft visual studio 10.0\vc\include\stdio.h(371) : see declaration of 'sprintf'
     1>d:\final\234101006_digit_recognition\234101006_digit_recognition\234101006_digit_recognition.cpp(713): warning C4996: 'sprintf': This function or variable may be unsafe. Consider using sprintf_s instead. To disable deprecation, use _CRT_SECURE_NO_WARNINGS. See online help for details.
                 c:\program files (x86)\microsoft visual studio 10.0\vc\include\stdio.h(371) : see declaration of 'sprintf'
     1>d:\final\234101006_digit_recognition\234101006_digit_recognition\234101006_digit_recognition.cpp(714): warning C4996: 'sprintf': This function or variable may be unsafe. Consider using sprintf_s instead. To disable deprecation, use _CRT_SECURE_NO_WARNINGS. See online help for details.
                 c:\program files (x86)\microsoft visual studio 10.0\vc\include\stdio.h(371) : see declaration of 'sprintf'
     1>d:\final\234101006_digit_recognition\234101006_digit_recognition\234101006_digit_recognition.cpp(709): warning C4101: 'index' : unreferenced local variable
     1>d:\final\234101006_digit_recognition\234101006_digit_recognition\234101006_digit_recognition.cpp(741): warning C4996: 'sprintf': This function or variable may be unsafe. Consider using sprintf_s instead. To disable deprecation, use _CRT_SECURE_NO_WARNINGS. See online help for details.
                 c:\program files (x86)\microsoft visual studio 10.0\vc\include\stdio.h(371) : see declaration of 'sprintf'
     1>d:\final\234101006_digit_recognition\234101006_digit_recognition\234101006_digit_recognition.cpp(742): warning C4996: 'fopen': This function or variable may be unsafe. Consider using fopen_s instead. To disable deprecation, use _CRT_SECURE_NO_WARNINGS. See online help for details.
                 c:\program files (x86)\microsoft visual studio 10.0\vc\include\stdio.h(234) : see declaration of 'fopen'
     1>d:\final\234101006_digit_recognition\234101006_digit_recognition\234101006_digit_recognition.cpp(752): warning C4996: 'sprintf': This function or variable may be unsafe. Consider using sprintf_s instead. To disable deprecation, use _CRT_SECURE_NO_WARNINGS. See online help for details.
                 c:\program files (x86)\microsoft visual studio 10.0\vc\include\stdio.h(371) : see declaration of 'sprintf'
     1>d:\final\234101006_digit_recognition\234101006_digit_recognition\234101006_digit_recognition.cpp(764): warning C4996: 'sprintf': This function or variable may be unsafe. Consider using sprintf_s instead. To disable deprecation, use _CRT_SECURE_NO_WARNINGS. See online help for details.
                 c:\program files (x86)\microsoft visual studio 10.0\vc\include\stdio.h(371) : see declaration of 'sprintf'
     1>d:\final\234101006_digit_recognition\234101006_digit_recognition\234101006_digit_recognition.cpp(765): warning C4996: 'fopen': This function or variable may be unsafe. Consider using fopen_s instead. To disable deprecation, use _CRT_SECURE_NO_WARNINGS. See online help for details.
                 c:\program files (x86)\microsoft visual studio 10.0\vc\include\stdio.h(234) : see declaration of 'fopen'
     1>d:\final\234101006_digit_recognition\234101006_digit_recognition\234101006_digit_recognition.cpp(739): warning C4101: 'ind' : unreferenced local variable
     1>d:\final\234101006_digit_recognition\234101006_digit_recognition\234101006_digit_recognition.cpp(786): warning C4996: 'sprintf': This function or variable may be unsafe. Consider using sprintf_s instead. To disable deprecation, use _CRT_SECURE_NO_WARNINGS. See online help for details.
                 c:\program files (x86)\microsoft visual studio 10.0\vc\include\stdio.h(371) : see declaration of 'sprintf'
     1>d:\final\234101006_digit_recognition\234101006_digit_recognition\234101006_digit_recognition.cpp(787): warning C4996: 'fopen': This function or variable may be unsafe. Consider using fopen_s instead. To disable deprecation, use _CRT_SECURE_NO_WARNINGS. See online help for details.
                 c:\program files (x86)\microsoft visual studio 10.0\vc\include\stdio.h(234) : see declaration of 'fopen'
     1>d:\final\234101006_digit_recognition\234101006_digit_recognition\234101006_digit_recognition.cpp(794): warning C4996: 'sprintf': This function or variable may be unsafe. Consider using sprintf_s instead. To disable deprecation, use _CRT_SECURE_NO_WARNINGS. See online help for details.
                 c:\program files (x86)\microsoft visual studio 10.0\vc\include\stdio.h(371) : see declaration of 'sprintf'
     1>d:\final\234101006_digit_recognition\234101006_digit_recognition\234101006_digit_recognition.cpp(796): warning C4996: 'fopen': This function or variable may be unsafe. Consider using fopen_s instead. To disable deprecation, use _CRT_SECURE_NO_WARNINGS. See online help for details.
                 c:\program files (x86)\microsoft visual studio 10.0\vc\include\stdio.h(234) : see declaration of 'fopen'
     1>d:\final\234101006_digit_recognition\234101006_digit_recognition\234101006_digit_recognition.cpp(816): warning C4244: 'initializing' : conversion from 'double' to 'int', possible loss of data
     1>d:\final\234101006_digit_recognition\234101006_digit_recognition\234101006_digit_recognition.cpp(819): warning C4244: '=' : conversion from 'double' to 'long', possible loss of data
     1>d:\final\234101006_digit_recognition\234101006_digit_recognition\234101006_digit_recognition.cpp(826): warning C4996: 'sprintf': This function or variable may be unsafe. Consider using sprintf_s instead. To disable deprecation, use _CRT_SECURE_NO_WARNINGS. See online help for details.
                 c:\program files (x86)\microsoft visual studio 10.0\vc\include\stdio.h(371) : see declaration of 'sprintf'
     1>d:\final\234101006_digit_recognition\234101006_digit_recognition\234101006_digit_recognition.cpp(776): warning C4101: 'com_dump' : unreferenced local variable
     1>d:\final\234101006_digit_recognition\234101006_digit_recognition\234101006_digit_recognition.cpp(778): warning C4101: 'digit_dump' : unreferenced local variable
     1>d:\final\234101006_digit_recognition\234101006_digit_recognition\234101006_digit_recognition.cpp(928): warning C4996: 'fopen': This function or variable may be unsafe. Consider using fopen_s instead. To disable deprecation, use _CRT_SECURE_NO_WARNINGS. See online help for details.
                 c:\program files (x86)\microsoft visual studio 10.0\vc\include\stdio.h(234) : see declaration of 'fopen'
     1>d:\final\234101006_digit_recognition\234101006_digit_recognition\234101006_digit_recognition.cpp(944): warning C4244: 'initializing' : conversion from 'double' to 'int', possible loss of data
     1>d:\final\234101006_digit_recognition\234101006_digit_recognition\234101006_digit_recognition.cpp(947): warning C4244: '=' : conversion from 'double' to 'long', possible loss of data
     1>d:\final\234101006_digit_recognition\234101006_digit_recognition\234101006_digit_recognition.cpp(921): warning C4101: 'obs_file' : unreferenced local variable
     1>d:\final\234101006_digit_recognition\234101006_digit_recognition\234101006_digit_recognition.cpp(966): warning C4996: 'sprintf': This function or variable may be unsafe. Consider using sprintf_s instead. To disable deprecation, use _CRT_SECURE_NO_WARNINGS. See online help for details.
                 c:\program files (x86)\microsoft visual studio 10.0\vc\include\stdio.h(371) : see declaration of 'sprintf'
     1>d:\final\234101006_digit_recognition\234101006_digit_recognition\234101006_digit_recognition.cpp(967): warning C4996: 'fopen': This function or variable may be unsafe. Consider using fopen_s instead. To disable deprecation, use _CRT_SECURE_NO_WARNINGS. See online help for details.
                 c:\program files (x86)\microsoft visual studio 10.0\vc\include\stdio.h(234) : see declaration of 'fopen'
     1>d:\final\234101006_digit_recognition\234101006_digit_recognition\234101006_digit_recognition.cpp(972): warning C4996: 'sprintf': This function or variable may be unsafe. Consider using sprintf_s instead. To disable deprecation, use _CRT_SECURE_NO_WARNINGS. See online help for details.
                 c:\program files (x86)\microsoft visual studio 10.0\vc\include\stdio.h(371) : see declaration of 'sprintf'
     1>d:\final\234101006_digit_recognition\234101006_digit_recognition\234101006_digit_recognition.cpp(975): warning C4996: 'fopen': This function or variable may be unsafe. Consider using fopen_s instead. To disable deprecation, use _CRT_SECURE_NO_WARNINGS. See online help for details.
                 c:\program files (x86)\microsoft visual studio 10.0\vc\include\stdio.h(234) : see declaration of 'fopen'
     1>d:\final\234101006_digit_recognition\234101006_digit_recognition\234101006_digit_recognition.cpp(993): warning C4244: 'initializing' : conversion from 'double' to 'int', possible loss of data
     1>d:\final\234101006_digit_recognition\234101006_digit_recognition\234101006_digit_recognition.cpp(995): warning C4244: '=' : conversion from 'double' to 'long', possible loss of data
     1>d:\final\234101006_digit_recognition\234101006_digit_recognition\234101006_digit_recognition.cpp(1050): warning C4996: 'scanf': This function or variable may be unsafe. Consider using scanf_s instead. To disable deprecation, use _CRT_SECURE_NO_WARNINGS. See online help for details.
                 c:\program files (x86)\microsoft visual studio 10.0\vc\include\stdio.h(304) : see declaration of 'scanf'
     1>d:\final\234101006_digit_recognition\234101006_digit_recognition\234101006_digit_recognition.cpp(1087): warning C4996: 'sprintf': This function or variable may be unsafe. Consider using sprintf_s instead. To disable deprecation, use _CRT_SECURE_NO_WARNINGS. See online help for details.
                 c:\program files (x86)\microsoft visual studio 10.0\vc\include\stdio.h(371) : see declaration of 'sprintf'
     1>d:\final\234101006_digit_recognition\234101006_digit_recognition\234101006_digit_recognition.cpp(1088): warning C4996: 'fopen': This function or variable may be unsafe. Consider using fopen_s instead. To disable deprecation, use _CRT_SECURE_NO_WARNINGS. See online help for details.
                 c:\program files (x86)\microsoft visual studio 10.0\vc\include\stdio.h(234) : see declaration of 'fopen'
       ManifestResourceCompile:
         All outputs are up-to-date.
       Link:
         C:\Program Files (x86)\Microsoft Visual Studio 10.0\VC\bin\link.exe /ERRORREPORT:PROMPT /OUT:"D:\Final\234101006_digit_recognition\Debug\234101006_digit_recognition.exe" /INCREMENTAL /NOLOGO kernel32.lib user32.lib gdi32.lib winspool.lib comdlg32.lib advapi32.lib shell32.lib ole32.lib oleaut32.lib uuid.lib odbc32.lib odbccp32.lib /MANIFEST /ManifestFile:"Debug\234101006_digit_recognition.exe.intermediate.manifest" /MANIFESTUAC:"level='asInvoker' uiAccess='false'" /DEBUG /PDB:"D:\Final\234101006_digit_recognition\Debug\234101006_digit_recognition.pdb" /SUBSYSTEM:CONSOLE /TLBID:1 /DYNAMICBASE /NXCOMPAT /IMPLIB:"D:\Final\234101006_digit_recognition\Debug\234101006_digit_recognition.lib" /MACHINE:X86 Debug\234101006_digit_recognition.exe.embed.manifest.res
         Debug\234101006_digit_recognition.obj
         Debug\stdafx.obj
       Manifest:
         C:\Program Files (x86)\Microsoft SDKs\Windows\v7.0A\bin\mt.exe /nologo /verbose /out:"Debug\234101006_digit_recognition.exe.embed.manifest" /manifest Debug\234101006_digit_recognition.exe.intermediate.manifest
         All outputs are up-to-date.
       LinkEmbedManifest:
         All outputs are up-to-date.
         234101006_digit_recognition.vcxproj -> D:\Final\234101006_digit_recognition\Debug\234101006_digit_recognition.exe
       FinalizeBuildStatus:
         Deleting file "Debug\234101006_digit_recognition.unsuccessfulbuild".
         Touching "Debug\234101006_digit_recognition.lastbuildstate".
     1>Done Building Project "D:\Final\234101006_digit_recognition\234101006_digit_recognition\234101006_digit_recognition.vcxproj" (build target(s)).

Build succeeded.

Time Elapsed 00:00:01.73
